[WARNING] 
[WARNING] Some problems were encountered while building the effective settings
[WARNING] Unrecognised tag: 'profiles' (position: START_TAG seen ...<profiles>\n\t  <profiles>... @197:14)  @ D:\SOFTWARE\Maven\apache-maven-3.9.9-bin\apache-maven-3.9.9\conf\settings.xml, line 197, column 14
[WARNING] 
[INFO] Scanning for projects...
[INFO] 
[INFO] -----------------------< com.EduSpark:EduSpark >------------------------
[INFO] Building EduSpark 0.0.1-SNAPSHOT
[INFO]   from pom.xml
[INFO] --------------------------------[ jar ]---------------------------------
[INFO] 
[INFO] >>> spring-boot:3.5.13:run (default-cli) > test-compile @ EduSpark >>>
[INFO] 
[INFO] --- resources:3.3.1:resources (default-resources) @ EduSpark ---
[INFO] Copying 1 resource from src\main\resources to target\classes
[INFO] Copying 2 resources from src\main\resources to target\classes
[INFO] 
[INFO] --- compiler:3.14.1:compile (default-compile) @ EduSpark ---
[INFO] Nothing to compile - all classes are up to date.
[INFO] 
[INFO] --- resources:3.3.1:testResources (default-testResources) @ EduSpark ---
[INFO] skip non existing resourceDirectory D:\PROJECT\to-do\ЖфЛәҰ¤EduSpark-¶аДӘМ¬AIҢМС§ЦЗДЬМеПµНі\COED\BACKEND\EduSpark\src\test\resources
[INFO] 
[INFO] --- compiler:3.14.1:testCompile (default-testCompile) @ EduSpark ---
[INFO] Nothing to compile - all classes are up to date.
[INFO] 
[INFO] <<< spring-boot:3.5.13:run (default-cli) < test-compile @ EduSpark <<<
[INFO] 
[INFO] 
[INFO] --- spring-boot:3.5.13:run (default-cli) @ EduSpark ---
[INFO] Attaching agents: []

  .   ____          _            __ _ _
 /\\ / ___'_ __ _ _(_)_ __  __ _ \ \ \ \
( ( )\___ | '_ | '_| | '_ \/ _` | \ \ \ \
 \\/  ___)| |_)| | | | | || (_| |  ) ) ) )
  '  |____| .__|_| |_|_| |_\__, | / / / /
 =========|_|==============|___/=/_/_/_/

 :: Spring Boot ::               (v3.5.13)

2026-04-18 18:29:55 [main] INFO  c.e.eduspark.EduSparkApplication - Starting EduSparkApplication using Java 17.0.12 with PID 28508 (D:\PROJECT\to-do\ЖфЛәҰ¤EduSpark-¶аДӘМ¬AIҢМС§ЦЗДЬМеПµНі\COED\BACKEND\EduSpark\target\classes started by Dingyx in D:\PROJECT\to-do\ЖфЛәҰ¤EduSpark-¶аДӘМ¬AIҢМС§ЦЗДЬМеПµНі\COED\BACKEND\EduSpark)
2026-04-18 18:29:55 [main] DEBUG c.e.eduspark.EduSparkApplication - Running with Spring Boot v3.5.13, Spring v6.2.17
2026-04-18 18:29:55 [main] INFO  c.e.eduspark.EduSparkApplication - No active profile set, falling back to 1 default profile: "default"
2026-04-18 18:29:56 [main] INFO  o.s.d.r.c.RepositoryConfigurationDelegate - Multiple Spring Data modules found, entering strict repository configuration mode
2026-04-18 18:29:56 [main] INFO  o.s.d.r.c.RepositoryConfigurationDelegate - Bootstrapping Spring Data Redis repositories in DEFAULT mode.
2026-04-18 18:29:56 [main] INFO  o.s.d.r.c.RepositoryConfigurationDelegate - Finished Spring Data repository scanning in 40 ms. Found 0 Redis repository interfaces.
2026-04-18 18:29:56 [main] INFO  o.s.b.w.e.tomcat.TomcatWebServer - Tomcat initialized with port 18081 (http)
2026-04-18 18:29:56 [main] INFO  o.a.catalina.core.StandardService - Starting service [Tomcat]
2026-04-18 18:29:56 [main] INFO  o.a.catalina.core.StandardEngine - Starting Servlet engine: [Apache Tomcat/10.1.53]
2026-04-18 18:29:56 [main] INFO  o.a.c.c.C.[.[localhost].[/api] - Initializing Spring embedded WebApplicationContext
2026-04-18 18:29:56 [main] INFO  o.s.b.w.s.c.ServletWebServerApplicationContext - Root WebApplicationContext: initialization completed in 1405 ms
2026-04-18 18:29:56 [main] DEBUG c.e.e.config.JwtAuthenticationFilter - Filter 'jwtAuthenticationFilter' configured for use
2026-04-18 18:29:56 [main] INFO  com.zaxxer.hikari.HikariDataSource - HikariPool-1 - Starting...
2026-04-18 18:29:57 [main] INFO  com.zaxxer.hikari.pool.HikariPool - HikariPool-1 - Added connection org.postgresql.jdbc.PgConnection@6af78a48
2026-04-18 18:29:57 [main] INFO  com.zaxxer.hikari.HikariDataSource - HikariPool-1 - Start completed.
 _ _   |_  _ _|_. ___ _ |    _ 
| | |\/|_)(_| | |_\  |_)||_|_\ 
     /               |         
                        3.5.7 
2026-04-18 18:29:58 [main] INFO  c.e.eduspark.config.AsyncConfig - Searchеә‚ж­ӨзғүзЁ‹ж± е€қе§‹еЊ–е®Њж€ђ: core=2, max=4, queue=100
2026-04-18 18:29:59 [main] INFO  c.e.eduspark.config.AsyncConfig - RAGТмІҢПЯіМіШіхКә»ҮНкіЙ: core=2, max=4, queue=50
2026-04-18 18:29:59 [main] INFO  c.e.eduspark.config.AsyncConfig - GenerationТмІҢПЯіМіШіхКә»ҮНкіЙ: core=2, max=4, queue=20
2026-04-18 18:30:00 [main] INFO  o.s.b.w.e.tomcat.TomcatWebServer - Tomcat started on port 18081 (http) with context path '/api'
2026-04-18 18:30:00 [main] INFO  c.e.eduspark.EduSparkApplication - Started EduSparkApplication in 5.107 seconds (process running for 5.524)
2026-04-18 18:30:50 [http-nio-18081-exec-3] INFO  o.a.c.c.C.[.[localhost].[/api] - Initializing Spring DispatcherServlet 'dispatcherServlet'
2026-04-18 18:30:50 [http-nio-18081-exec-3] INFO  o.s.web.servlet.DispatcherServlet - Initializing Servlet 'dispatcherServlet'
2026-04-18 18:30:50 [http-nio-18081-exec-3] INFO  o.s.web.servlet.DispatcherServlet - Completed initialization in 12 ms
2026-04-18 18:30:50 [http-nio-18081-exec-1] DEBUG c.e.e.config.JwtAuthenticationFilter - УГ»§ИПЦ¤іЙ№¦: userId=2, role=admin, path=/api/admin/ppt/scenes
2026-04-18 18:30:50 [http-nio-18081-exec-3] DEBUG c.e.e.config.JwtAuthenticationFilter - УГ»§ИПЦ¤іЙ№¦: userId=2, role=admin, path=/api/admin/ppt/templates
2026-04-18 18:30:50 [http-nio-18081-exec-2] DEBUG c.e.e.config.JwtAuthenticationFilter - УГ»§ИПЦ¤іЙ№¦: userId=2, role=admin, path=/api/admin/ppt/styles
[INFO] ------------------------------------------------------------------------
[INFO] BUILD FAILURE
[INFO] ------------------------------------------------------------------------
[INFO] Total time:  01:51 min
[INFO] Finished at: 2026-04-18T18:31:41+08:00
[INFO] ------------------------------------------------------------------------
[ERROR] Failed to execute goal org.springframework.boot:spring-boot-maven-plugin:3.5.13:run (default-cli) on project EduSpark: Process terminated with exit code: -1 -> [Help 1]
[ERROR] 
[ERROR] To see the full stack trace of the errors, re-run Maven with the -e switch.
[ERROR] Re-run Maven using the -X switch to enable full debug logging.
[ERROR] 
[ERROR] For more information about the errors and possible solutions, please read the following articles:
[ERROR] [Help 1] http://cwiki.apache.org/confluence/display/MAVEN/MojoExecutionException
